  [1m[35m (0.5ms)[0m  [1m[34mSELECT sqlite_version(*)[0m
  ↳ bin/rails:9
  [1m[35m (1.4ms)[0m  [1m[35mCREATE TABLE "schema_migrations" ("version" varchar NOT NULL PRIMARY KEY)[0m
  ↳ bin/rails:9
  [1m[35m (1.5ms)[0m  [1m[35mCREATE TABLE "ar_internal_metadata" ("key" varchar NOT NULL PRIMARY KEY, "value" varchar, "created_at" datetime NOT NULL, "updated_at" datetime NOT NULL)[0m
  ↳ bin/rails:9
  [1m[35m (0.1ms)[0m  [1m[34mSELECT "schema_migrations"."version" FROM "schema_migrations" ORDER BY "schema_migrations"."version" ASC[0m
  ↳ bin/rails:9
Started GET "/" for ::1 at 2019-06-24 13:37:15 +0100
Processing by Rails::WelcomeController#index as HTML
  Rendering /Users/devinreed/.rbenv/versions/2.4.5/lib/ruby/gems/2.4.0/gems/railties-5.2.3/lib/rails/templates/rails/welcome/index.html.erb
  Rendered /Users/devinreed/.rbenv/versions/2.4.5/lib/ruby/gems/2.4.0/gems/railties-5.2.3/lib/rails/templates/rails/welcome/index.html.erb (14.0ms)
Completed 200 OK in 37ms (Views: 24.4ms | ActiveRecord: 0.0ms | MongoDB: 0.0ms)


Started GET "/recipes" for ::1 at 2019-06-24 13:37:20 +0100
Processing by RecipesController#index as HTML
  Rendering recipes/index.html.erb within layouts/application
  Rendered recipes/index.html.erb within layouts/application (39.5ms)
Completed 200 OK in 1068ms (Views: 1052.6ms | ActiveRecord: 0.0ms | MongoDB: 0.0ms)


Started GET "/recipes" for ::1 at 2019-06-24 13:38:23 +0100
Processing by RecipesController#index as HTML
  Rendering recipes/index.html.erb within layouts/application
  Rendered recipes/index.html.erb within layouts/application (15.3ms)
Completed 200 OK in 341ms (Views: 323.5ms | ActiveRecord: 0.0ms | MongoDB: 0.0ms)


  [1m[35m (4.1ms)[0m  [1m[34mSELECT "schema_migrations"."version" FROM "schema_migrations" ORDER BY "schema_migrations"."version" ASC[0m
  ↳ bin/rails:9
  [1m[35m (0.1ms)[0m  [1m[34mSELECT "schema_migrations"."version" FROM "schema_migrations" ORDER BY "schema_migrations"."version" ASC[0m
  ↳ /Users/devinreed/.rbenv/versions/2.4.5/bin/rake:23
Started GET "/recipes" for ::1 at 2019-06-24 13:38:46 +0100
Processing by RecipesController#index as HTML
  Rendering recipes/index.html.erb within layouts/application
  Rendered recipes/index.html.erb within layouts/application (11.9ms)
Completed 200 OK in 373ms (Views: 358.5ms | ActiveRecord: 0.0ms | MongoDB: 0.0ms)


Started GET "/recipes/00001" for ::1 at 2019-06-24 13:38:51 +0100
Processing by RecipesController#show as HTML
  Parameters: {"id"=>"00001"}
  Rendering recipes/show.html.erb within layouts/application
  Rendered recipes/show.html.erb within layouts/application (0.9ms)
Completed 200 OK in 47ms (Views: 33.0ms | ActiveRecord: 0.0ms | MongoDB: 0.0ms)


Started GET "/recipes" for ::1 at 2019-06-24 13:39:09 +0100
Processing by RecipesController#index as HTML
  Rendering recipes/index.html.erb within layouts/application
  Rendered recipes/index.html.erb within layouts/application (4.0ms)
Completed 200 OK in 36ms (Views: 30.0ms | ActiveRecord: 0.0ms | MongoDB: 0.0ms)


Started GET "/recipes" for ::1 at 2019-06-24 13:45:43 +0100
Processing by RecipesController#index as HTML
  Rendering recipes/index.html.erb within layouts/application
  Rendered recipes/index.html.erb within layouts/application (17.3ms)
Completed 200 OK in 118ms (Views: 113.4ms | ActiveRecord: 0.0ms | MongoDB: 0.0ms)


Started GET "/recipes" for ::1 at 2019-06-24 13:46:12 +0100
Processing by RecipesController#index as HTML
  Rendering recipes/index.html.erb within layouts/application
  Rendered recipes/index.html.erb within layouts/application (6.9ms)
Completed 200 OK in 34ms (Views: 32.3ms | ActiveRecord: 0.0ms | MongoDB: 0.0ms)


Started GET "/recipes" for ::1 at 2019-06-24 13:46:57 +0100
Processing by RecipesController#index as HTML
  Rendering recipes/index.html.erb within layouts/application
  Rendered recipes/index.html.erb within layouts/application (4.9ms)
Completed 200 OK in 46ms (Views: 43.9ms | ActiveRecord: 0.0ms | MongoDB: 0.0ms)


Started GET "/recipes" for ::1 at 2019-06-24 13:50:03 +0100
Processing by RecipesController#index as HTML
  Rendering recipes/index.html.erb within layouts/application
  Rendered recipes/index.html.erb within layouts/application (11.7ms)
Completed 200 OK in 83ms (Views: 81.0ms | ActiveRecord: 0.0ms | MongoDB: 0.0ms)


Started GET "/recipes" for ::1 at 2019-06-24 13:50:15 +0100
Processing by RecipesController#index as HTML
  Rendering recipes/index.html.erb within layouts/application
  Rendered recipes/index.html.erb within layouts/application (3.7ms)
Completed 200 OK in 86ms (Views: 83.6ms | ActiveRecord: 0.0ms | MongoDB: 0.0ms)


Started GET "/recipes" for ::1 at 2019-06-24 13:51:25 +0100
Processing by RecipesController#index as HTML
  Rendering recipes/index.html.erb within layouts/application
  Rendered recipes/index.html.erb within layouts/application (7.1ms)
Completed 200 OK in 77ms (Views: 74.8ms | ActiveRecord: 0.0ms | MongoDB: 0.0ms)


Started GET "/recipes" for ::1 at 2019-06-24 13:51:57 +0100
Processing by RecipesController#index as HTML
  Rendering recipes/index.html.erb within layouts/application
  Rendered recipes/index.html.erb within layouts/application (4.4ms)
Completed 200 OK in 77ms (Views: 74.9ms | ActiveRecord: 0.0ms | MongoDB: 0.0ms)


Started GET "/recipes" for ::1 at 2019-06-24 13:52:07 +0100
Processing by RecipesController#index as HTML
  Rendering recipes/index.html.erb within layouts/application
  Rendered recipes/index.html.erb within layouts/application (5.5ms)
Completed 200 OK in 80ms (Views: 77.5ms | ActiveRecord: 0.0ms | MongoDB: 0.0ms)


Started GET "/recipes" for ::1 at 2019-06-24 13:52:14 +0100
Processing by RecipesController#index as HTML
  Rendering recipes/index.html.erb within layouts/application
  Rendered recipes/index.html.erb within layouts/application (3.0ms)
Completed 200 OK in 62ms (Views: 60.3ms | ActiveRecord: 0.0ms | MongoDB: 0.0ms)


Started GET "/recipes" for ::1 at 2019-06-24 13:52:28 +0100
Processing by RecipesController#index as HTML
  Rendering recipes/index.html.erb within layouts/application
  Rendered recipes/index.html.erb within layouts/application (4.1ms)
Completed 200 OK in 60ms (Views: 57.9ms | ActiveRecord: 0.0ms | MongoDB: 0.0ms)


Started GET "/recipes" for ::1 at 2019-06-24 13:52:40 +0100
Processing by RecipesController#index as HTML
  Rendering recipes/index.html.erb within layouts/application
  Rendered recipes/index.html.erb within layouts/application (2.9ms)
Completed 200 OK in 43ms (Views: 40.9ms | ActiveRecord: 0.0ms | MongoDB: 0.0ms)


Started GET "/recipes" for ::1 at 2019-06-24 13:52:59 +0100
Processing by RecipesController#index as HTML
  Rendering recipes/index.html.erb within layouts/application
  Rendered recipes/index.html.erb within layouts/application (4.7ms)
Completed 200 OK in 54ms (Views: 50.9ms | ActiveRecord: 0.0ms | MongoDB: 0.0ms)


Started GET "/recipes" for ::1 at 2019-06-24 13:53:06 +0100
Processing by RecipesController#index as HTML
  Rendering recipes/index.html.erb within layouts/application
  Rendered recipes/index.html.erb within layouts/application (3.2ms)
Completed 200 OK in 48ms (Views: 46.4ms | ActiveRecord: 0.0ms | MongoDB: 0.0ms)


Started GET "/recipes" for ::1 at 2019-06-24 13:53:12 +0100
Processing by RecipesController#index as HTML
  Rendering recipes/index.html.erb within layouts/application
  Rendered recipes/index.html.erb within layouts/application (6.0ms)
Completed 200 OK in 23ms (Views: 21.0ms | ActiveRecord: 0.0ms | MongoDB: 0.0ms)


Started GET "/recipes" for ::1 at 2019-06-24 13:54:10 +0100
Processing by RecipesController#index as HTML
  Rendering recipes/index.html.erb within layouts/application
  Rendered recipes/index.html.erb within layouts/application (7.2ms)
Completed 200 OK in 121ms (Views: 116.1ms | ActiveRecord: 0.0ms | MongoDB: 0.0ms)


Started GET "/recipes" for ::1 at 2019-06-24 13:54:30 +0100
Processing by RecipesController#index as HTML
  Rendering recipes/index.html.erb within layouts/application
  Rendered recipes/index.html.erb within layouts/application (6.8ms)
Completed 200 OK in 84ms (Views: 78.3ms | ActiveRecord: 0.0ms | MongoDB: 0.0ms)


Started GET "/recipes" for ::1 at 2019-06-24 13:54:39 +0100
Processing by RecipesController#index as HTML
  Rendering recipes/index.html.erb within layouts/application
  Rendered recipes/index.html.erb within layouts/application (6.5ms)
Completed 200 OK in 64ms (Views: 62.7ms | ActiveRecord: 0.0ms | MongoDB: 0.0ms)


Started GET "/recipes" for ::1 at 2019-06-24 13:54:59 +0100
Processing by RecipesController#index as HTML
  Rendering recipes/index.html.erb within layouts/application
  Rendered recipes/index.html.erb within layouts/application (6.0ms)
Completed 200 OK in 74ms (Views: 69.4ms | ActiveRecord: 0.0ms | MongoDB: 0.0ms)


Started GET "/recipes" for ::1 at 2019-06-24 13:55:12 +0100
Processing by RecipesController#index as HTML
  Rendering recipes/index.html.erb within layouts/application
  Rendered recipes/index.html.erb within layouts/application (3.1ms)
Completed 200 OK in 63ms (Views: 59.5ms | ActiveRecord: 0.0ms | MongoDB: 0.0ms)


Started GET "/recipes" for ::1 at 2019-06-24 13:56:00 +0100
Processing by RecipesController#index as HTML
  Rendering recipes/index.html.erb within layouts/application
  Rendered recipes/index.html.erb within layouts/application (26.9ms)
Completed 500 Internal Server Error in 36ms (ActiveRecord: 0.0ms | MongoDB: 0.0ms)


  
ActionView::Template::Error (undefined method `sanitize' for "285 g (2 cups) flour":String):
    11:       <div class="recipe-body">
    12:         <ul class="ingredients">
    13:           <% recipe.ingredients.each do |ingredient| %>
    14:             <li><%= ingredient.sanitize %></li>
    15:           <% end %>
    16:         </ul>
    17:         <p>
  
app/views/recipes/index.html.erb:14:in `block (2 levels) in _app_views_recipes_index_html_erb__3906523418264809825_70314600236080'
app/views/recipes/index.html.erb:13:in `each'
app/views/recipes/index.html.erb:13:in `block in _app_views_recipes_index_html_erb__3906523418264809825_70314600236080'
app/views/recipes/index.html.erb:5:in `_app_views_recipes_index_html_erb__3906523418264809825_70314600236080'
Started GET "/recipes" for ::1 at 2019-06-24 13:56:11 +0100
Processing by RecipesController#index as HTML
  Rendering recipes/index.html.erb within layouts/application
  Rendered recipes/index.html.erb within layouts/application (5.1ms)
Completed 200 OK in 45ms (Views: 42.2ms | ActiveRecord: 0.0ms | MongoDB: 0.0ms)


Started GET "/recipes" for ::1 at 2019-06-24 13:56:43 +0100
Processing by RecipesController#index as HTML
  Rendering recipes/index.html.erb within layouts/application
  Rendered recipes/index.html.erb within layouts/application (3.6ms)
Completed 200 OK in 31ms (Views: 29.1ms | ActiveRecord: 0.0ms | MongoDB: 0.0ms)


Started GET "/recipes" for ::1 at 2019-06-24 13:56:45 +0100
Processing by RecipesController#index as HTML
  Rendering recipes/index.html.erb within layouts/application
  Rendered recipes/index.html.erb within layouts/application (6.0ms)
Completed 200 OK in 33ms (Views: 30.5ms | ActiveRecord: 0.0ms | MongoDB: 0.0ms)


Started GET "/recipes" for ::1 at 2019-06-24 13:56:47 +0100
Processing by RecipesController#index as HTML
  Rendering recipes/index.html.erb within layouts/application
  Rendered recipes/index.html.erb within layouts/application (3.0ms)
Completed 200 OK in 25ms (Views: 23.4ms | ActiveRecord: 0.0ms | MongoDB: 0.0ms)


Started GET "/recipes" for ::1 at 2019-06-24 13:57:31 +0100
Processing by RecipesController#index as HTML
  Rendering recipes/index.html.erb within layouts/application
  Rendered recipes/index.html.erb within layouts/application (6.3ms)
Completed 200 OK in 42ms (Views: 40.2ms | ActiveRecord: 0.0ms | MongoDB: 0.0ms)


Started GET "/recipes" for ::1 at 2019-06-24 13:57:44 +0100
Processing by RecipesController#index as HTML
  Rendering recipes/index.html.erb within layouts/application
  Rendered recipes/index.html.erb within layouts/application (3.1ms)
Completed 200 OK in 26ms (Views: 24.2ms | ActiveRecord: 0.0ms | MongoDB: 0.0ms)


Started GET "/recipes" for ::1 at 2019-06-24 13:58:06 +0100
Processing by RecipesController#index as HTML
  Rendering recipes/index.html.erb within layouts/application
  Rendered recipes/index.html.erb within layouts/application (3.4ms)
Completed 200 OK in 63ms (Views: 61.0ms | ActiveRecord: 0.0ms | MongoDB: 0.0ms)


Started GET "/recipes" for ::1 at 2019-06-24 13:58:21 +0100
Processing by RecipesController#index as HTML
  Rendering recipes/index.html.erb within layouts/application
  Rendered recipes/index.html.erb within layouts/application (3.8ms)
Completed 200 OK in 37ms (Views: 32.9ms | ActiveRecord: 0.0ms | MongoDB: 0.0ms)


Started GET "/recipes" for ::1 at 2019-06-24 13:59:36 +0100
Processing by RecipesController#index as HTML
  Rendering recipes/index.html.erb within layouts/application
  Rendered recipes/index.html.erb within layouts/application (11.6ms)
Completed 200 OK in 56ms (Views: 54.0ms | ActiveRecord: 0.0ms | MongoDB: 0.0ms)


Started GET "/recipes" for ::1 at 2019-06-24 14:00:29 +0100
Processing by RecipesController#index as HTML
  Rendering recipes/index.html.erb within layouts/application
  Rendered recipes/index.html.erb within layouts/application (10.7ms)
Completed 200 OK in 58ms (Views: 51.0ms | ActiveRecord: 0.0ms | MongoDB: 0.0ms)


Started GET "/recipes" for ::1 at 2019-06-24 14:01:01 +0100
Processing by RecipesController#index as HTML
  Rendering recipes/index.html.erb within layouts/application
  Rendered recipes/index.html.erb within layouts/application (3.6ms)
Completed 200 OK in 66ms (Views: 64.5ms | ActiveRecord: 0.0ms | MongoDB: 0.0ms)


Started GET "/recipes" for ::1 at 2019-06-24 14:01:10 +0100
Processing by RecipesController#index as HTML
  Rendering recipes/index.html.erb within layouts/application
  Rendered recipes/index.html.erb within layouts/application (3.5ms)
Completed 200 OK in 42ms (Views: 40.4ms | ActiveRecord: 0.0ms | MongoDB: 0.0ms)


Started GET "/recipes" for ::1 at 2019-06-24 14:01:36 +0100
Processing by RecipesController#index as HTML
  Rendering recipes/index.html.erb within layouts/application
  Rendered recipes/index.html.erb within layouts/application (5.2ms)
Completed 200 OK in 34ms (Views: 31.5ms | ActiveRecord: 0.0ms | MongoDB: 0.0ms)


Started GET "/recipes" for ::1 at 2019-06-24 14:02:02 +0100
Processing by RecipesController#index as HTML
  Rendering recipes/index.html.erb within layouts/application
  Rendered recipes/index.html.erb within layouts/application (3.6ms)
Completed 200 OK in 65ms (Views: 63.3ms | ActiveRecord: 0.0ms | MongoDB: 0.0ms)


Started GET "/recipes" for ::1 at 2019-06-24 14:02:17 +0100
Processing by RecipesController#index as HTML
  Rendering recipes/index.html.erb within layouts/application
  Rendered recipes/index.html.erb within layouts/application (3.7ms)
Completed 200 OK in 76ms (Views: 74.4ms | ActiveRecord: 0.0ms | MongoDB: 0.0ms)


Started GET "/recipes" for ::1 at 2019-06-24 14:02:33 +0100
Processing by RecipesController#index as HTML
  Rendering recipes/index.html.erb within layouts/application
  Rendered recipes/index.html.erb within layouts/application (4.5ms)
Completed 200 OK in 36ms (Views: 33.9ms | ActiveRecord: 0.0ms | MongoDB: 0.0ms)


